SF:lib/repositories/auth_repository.dart
DA:11,0
DA:13,1
DA:17,0
DA:18,0
DA:19,0
DA:22,1
DA:25,2
DA:29,1
DA:30,1
DA:31,1
DA:32,1
DA:35,2
DA:36,1
DA:41,1
DA:42,1
DA:43,1
DA:44,1
DA:45,1
DA:49,1
DA:54,0
DA:60,0
DA:62,0
DA:63,0
DA:65,0
DA:71,1
DA:72,2
DA:76,1
DA:77,1
DA:78,1
DA:79,1
DA:80,1
DA:85,1
DA:88,6
DA:89,1
DA:90,1
DA:91,1
DA:92,1
DA:95,0
LF:38
LH:28
end_of_record
SF:lib/models/user_model.dart
DA:7,1
DA:14,0
DA:15,0
DA:16,0
DA:17,0
DA:18,0
DA:21,0
DA:22,0
DA:23,0
DA:24,0
DA:25,0
DA:26,0
LF:12
LH:1
end_of_record
SF:lib/repositories/booking_repository.dart
DA:8,1
DA:9,0
DA:12,1
DA:13,4
DA:16,1
DA:17,1
DA:18,1
DA:19,1
DA:20,1
DA:21,1
DA:22,1
DA:23,7
DA:27,1
DA:28,5
LF:14
LH:13
end_of_record
SF:lib/models/booking_model.dart
DA:12,1
DA:22,1
DA:23,1
DA:25,1
DA:26,1
DA:27,1
DA:28,1
DA:29,1
DA:30,1
DA:31,2
DA:36,1
DA:37,1
DA:38,1
DA:39,1
DA:40,1
DA:41,1
DA:42,1
DA:43,1
LF:18
LH:18
end_of_record
SF:lib/repositories/comment_repository.dart
DA:7,1
DA:8,0
DA:10,1
DA:11,2
DA:13,0
DA:14,0
DA:15,0
DA:16,0
DA:17,0
DA:18,0
DA:19,0
DA:20,0
DA:21,0
DA:22,0
DA:26,1
DA:32,3
DA:37,1
DA:40,2
LF:18
LH:7
end_of_record
SF:lib/models/comment_model.dart
DA:11,0
DA:20,0
DA:21,0
DA:23,0
DA:24,0
DA:25,0
DA:26,0
DA:27,0
LF:8
LH:0
end_of_record
